<?xml version="1.0" encoding="UTF-8"?>
<!-- Generated by org.testng.reporters.JUnitReportReporter -->
<testsuite hostname="qh11284374" name="Swift.Webtables" tests="1" failures="0" timestamp="18 Jul 2018 04:23:38 GMT" time="11.859" errors="0">
  <testcase name="webtableutil" time="11.859" classname="Swift.Webtables"/>
</testsuite> <!-- Swift.Webtables -->
