<?xml version="1.0" encoding="UTF-8"?>
<!-- Generated by org.testng.reporters.JUnitReportReporter -->
<testsuite hostname="qh11284374" name="Swift.Apptest3" tests="4" failures="0" timestamp="19 Jul 2018 01:56:31 GMT" time="145.569" errors="0">
  <testcase name="login1" time="46.024" classname="Swift.Apptest3"/>
  <testcase name="launchSwiftIE1" time="30.932" classname="Swift.Apptest3"/>
  <testcase name="login" time="21.279" classname="Swift.Apptest3"/>
  <testcase name="login2" time="47.334" classname="Swift.Apptest3"/>
</testsuite> <!-- Swift.Apptest3 -->
