<?xml version="1.0" encoding="UTF-8"?>
<!-- Generated by org.testng.reporters.JUnitReportReporter -->
<testsuite hostname="qh11284374" name="Swift.Apptest2" tests="1" failures="0" timestamp="11 Jun 2018 03:05:31 GMT" time="0.008" errors="0">
  <testcase name="Second" time="0.008" classname="Swift.Apptest2"/>
</testsuite> <!-- Swift.Apptest2 -->
